[2018-12-07T02:27:12.773] [ERROR] cheese - { code: 2, message: 'node-fetch error', data: [] }
[2018-12-07T02:27:33.085] [ERROR] cheese - { code: 2, message: 'node-fetch error', data: [] }
[2018-12-07T02:27:34.066] [ERROR] cheese - { code: 2, message: 'node-fetch error', data: [] }
[2018-12-07T02:27:40.037] [ERROR] cheese - { code: 2, message: 'node-fetch error', data: [] }
[2018-12-07T02:29:30.915] [ERROR] cheese - { code: 2, message: 'node-fetch error', data: [] }
[2018-12-07T02:30:29.079] [ERROR] cheese - { code: 2, message: 'node-fetch error', data: [] }
[2018-12-07T02:31:45.918] [ERROR] cheese - { code: 2, message: 'node-fetch error', data: [] }
[2018-12-07T02:31:52.994] [ERROR] cheese - ReferenceError: Index is not defined
    at Promise (/opt/lampp/htdocs/basic/nodeKoa/utils/SafeRequest.js:12:23)
    at new Promise (<anonymous>)
    at SafeRequest.fetch (/opt/lampp/htdocs/basic/nodeKoa/utils/SafeRequest.js:9:10)
    at Index.getData (/opt/lampp/htdocs/basic/nodeKoa/model/Index.js:28:22)
    at /opt/lampp/htdocs/basic/nodeKoa/controllers/indexController.js:6:36
    at dispatch (/opt/lampp/htdocs/basic/nodeKoa/node_modules/koa-simple-router/index.js:186:18)
    at Router._lookup (/opt/lampp/htdocs/basic/nodeKoa/node_modules/koa-simple-router/index.js:198:12)
    at /opt/lampp/htdocs/basic/nodeKoa/node_modules/koa-simple-router/index.js:138:21
    at dispatch (/opt/lampp/htdocs/basic/nodeKoa/node_modules/koa-compose/index.js:42:32)
    at app.use (/opt/lampp/htdocs/basic/nodeKoa/middleware/errorHandler.js:27:13)
[2018-12-07T02:31:57.560] [ERROR] cheese - ReferenceError: Index is not defined
    at Promise (/opt/lampp/htdocs/basic/nodeKoa/utils/SafeRequest.js:12:23)
    at new Promise (<anonymous>)
    at SafeRequest.fetch (/opt/lampp/htdocs/basic/nodeKoa/utils/SafeRequest.js:9:10)
    at Index.getData (/opt/lampp/htdocs/basic/nodeKoa/model/Index.js:28:22)
    at /opt/lampp/htdocs/basic/nodeKoa/controllers/indexController.js:6:36
    at dispatch (/opt/lampp/htdocs/basic/nodeKoa/node_modules/koa-simple-router/index.js:186:18)
    at Router._lookup (/opt/lampp/htdocs/basic/nodeKoa/node_modules/koa-simple-router/index.js:198:12)
    at /opt/lampp/htdocs/basic/nodeKoa/node_modules/koa-simple-router/index.js:138:21
    at dispatch (/opt/lampp/htdocs/basic/nodeKoa/node_modules/koa-compose/index.js:42:32)
    at app.use (/opt/lampp/htdocs/basic/nodeKoa/middleware/errorHandler.js:27:13)
[2018-12-07T02:32:13.207] [ERROR] cheese - ReferenceError: Index is not defined
    at Promise (/opt/lampp/htdocs/basic/nodeKoa/utils/SafeRequest.js:12:23)
    at new Promise (<anonymous>)
    at SafeRequest.fetch (/opt/lampp/htdocs/basic/nodeKoa/utils/SafeRequest.js:9:10)
    at Index.getData (/opt/lampp/htdocs/basic/nodeKoa/model/Index.js:28:22)
    at /opt/lampp/htdocs/basic/nodeKoa/controllers/indexController.js:6:36
    at dispatch (/opt/lampp/htdocs/basic/nodeKoa/node_modules/koa-simple-router/index.js:186:18)
    at Router._lookup (/opt/lampp/htdocs/basic/nodeKoa/node_modules/koa-simple-router/index.js:198:12)
    at /opt/lampp/htdocs/basic/nodeKoa/node_modules/koa-simple-router/index.js:138:21
    at dispatch (/opt/lampp/htdocs/basic/nodeKoa/node_modules/koa-compose/index.js:42:32)
    at app.use (/opt/lampp/htdocs/basic/nodeKoa/middleware/errorHandler.js:27:13)
[2018-12-07T02:32:17.546] [ERROR] cheese - ReferenceError: Index is not defined
    at Promise (/opt/lampp/htdocs/basic/nodeKoa/utils/SafeRequest.js:13:23)
    at new Promise (<anonymous>)
    at SafeRequest.fetch (/opt/lampp/htdocs/basic/nodeKoa/utils/SafeRequest.js:9:10)
    at Index.getData (/opt/lampp/htdocs/basic/nodeKoa/model/Index.js:28:22)
    at /opt/lampp/htdocs/basic/nodeKoa/controllers/indexController.js:6:36
    at dispatch (/opt/lampp/htdocs/basic/nodeKoa/node_modules/koa-simple-router/index.js:186:18)
    at Router._lookup (/opt/lampp/htdocs/basic/nodeKoa/node_modules/koa-simple-router/index.js:198:12)
    at /opt/lampp/htdocs/basic/nodeKoa/node_modules/koa-simple-router/index.js:138:21
    at dispatch (/opt/lampp/htdocs/basic/nodeKoa/node_modules/koa-compose/index.js:42:32)
    at app.use (/opt/lampp/htdocs/basic/nodeKoa/middleware/errorHandler.js:27:13)
[2018-12-07T02:32:55.893] [ERROR] cheese - ReferenceError: Index is not defined
    at Promise (/opt/lampp/htdocs/basic/nodeKoa/utils/SafeRequest.js:13:23)
    at new Promise (<anonymous>)
    at SafeRequest.fetch (/opt/lampp/htdocs/basic/nodeKoa/utils/SafeRequest.js:9:10)
    at Index.getData (/opt/lampp/htdocs/basic/nodeKoa/model/Index.js:28:22)
    at /opt/lampp/htdocs/basic/nodeKoa/controllers/indexController.js:6:36
    at dispatch (/opt/lampp/htdocs/basic/nodeKoa/node_modules/koa-simple-router/index.js:186:18)
    at Router._lookup (/opt/lampp/htdocs/basic/nodeKoa/node_modules/koa-simple-router/index.js:198:12)
    at /opt/lampp/htdocs/basic/nodeKoa/node_modules/koa-simple-router/index.js:138:21
    at dispatch (/opt/lampp/htdocs/basic/nodeKoa/node_modules/koa-compose/index.js:42:32)
    at app.use (/opt/lampp/htdocs/basic/nodeKoa/middleware/errorHandler.js:27:13)
[2018-12-07T02:32:58.510] [ERROR] cheese - ReferenceError: Index is not defined
    at Promise (/opt/lampp/htdocs/basic/nodeKoa/utils/SafeRequest.js:13:23)
    at new Promise (<anonymous>)
    at SafeRequest.fetch (/opt/lampp/htdocs/basic/nodeKoa/utils/SafeRequest.js:9:10)
    at Index.getData (/opt/lampp/htdocs/basic/nodeKoa/model/Index.js:28:22)
    at /opt/lampp/htdocs/basic/nodeKoa/controllers/indexController.js:6:36
    at dispatch (/opt/lampp/htdocs/basic/nodeKoa/node_modules/koa-simple-router/index.js:186:18)
    at Router._lookup (/opt/lampp/htdocs/basic/nodeKoa/node_modules/koa-simple-router/index.js:198:12)
    at /opt/lampp/htdocs/basic/nodeKoa/node_modules/koa-simple-router/index.js:138:21
    at dispatch (/opt/lampp/htdocs/basic/nodeKoa/node_modules/koa-compose/index.js:42:32)
    at app.use (/opt/lampp/htdocs/basic/nodeKoa/middleware/errorHandler.js:27:13)
[2018-12-07T02:34:00.078] [ERROR] cheese - ReferenceError: Index is not defined
    at Promise (/opt/lampp/htdocs/basic/nodeKoa/utils/SafeRequest.js:13:23)
    at new Promise (<anonymous>)
    at SafeRequest.fetch (/opt/lampp/htdocs/basic/nodeKoa/utils/SafeRequest.js:9:10)
    at Index.getData (/opt/lampp/htdocs/basic/nodeKoa/model/Index.js:28:22)
    at /opt/lampp/htdocs/basic/nodeKoa/controllers/indexController.js:6:36
    at dispatch (/opt/lampp/htdocs/basic/nodeKoa/node_modules/koa-simple-router/index.js:186:18)
    at Router._lookup (/opt/lampp/htdocs/basic/nodeKoa/node_modules/koa-simple-router/index.js:198:12)
    at /opt/lampp/htdocs/basic/nodeKoa/node_modules/koa-simple-router/index.js:138:21
    at dispatch (/opt/lampp/htdocs/basic/nodeKoa/node_modules/koa-compose/index.js:42:32)
    at app.use (/opt/lampp/htdocs/basic/nodeKoa/middleware/errorHandler.js:27:13)
[2018-12-07T02:39:51.956] [ERROR] cheese - ReferenceError: Index is not defined
    at Promise (/opt/lampp/htdocs/basic/nodeKoa/utils/SafeRequest.js:13:23)
    at new Promise (<anonymous>)
    at SafeRequest.fetch (/opt/lampp/htdocs/basic/nodeKoa/utils/SafeRequest.js:9:10)
    at Index.getData (/opt/lampp/htdocs/basic/nodeKoa/model/Index.js:28:22)
    at /opt/lampp/htdocs/basic/nodeKoa/controllers/indexController.js:6:36
    at dispatch (/opt/lampp/htdocs/basic/nodeKoa/node_modules/koa-simple-router/index.js:186:18)
    at Router._lookup (/opt/lampp/htdocs/basic/nodeKoa/node_modules/koa-simple-router/index.js:198:12)
    at /opt/lampp/htdocs/basic/nodeKoa/node_modules/koa-simple-router/index.js:138:21
    at dispatch (/opt/lampp/htdocs/basic/nodeKoa/node_modules/koa-compose/index.js:42:32)
    at app.use (/opt/lampp/htdocs/basic/nodeKoa/middleware/errorHandler.js:27:13)
[2018-12-07T02:39:56.901] [ERROR] cheese - ReferenceError: Index is not defined
    at Promise (/opt/lampp/htdocs/basic/nodeKoa/utils/SafeRequest.js:13:23)
    at new Promise (<anonymous>)
    at SafeRequest.fetch (/opt/lampp/htdocs/basic/nodeKoa/utils/SafeRequest.js:9:10)
    at Index.getData (/opt/lampp/htdocs/basic/nodeKoa/model/Index.js:28:22)
    at /opt/lampp/htdocs/basic/nodeKoa/controllers/indexController.js:6:36
    at dispatch (/opt/lampp/htdocs/basic/nodeKoa/node_modules/koa-simple-router/index.js:186:18)
    at Router._lookup (/opt/lampp/htdocs/basic/nodeKoa/node_modules/koa-simple-router/index.js:198:12)
    at /opt/lampp/htdocs/basic/nodeKoa/node_modules/koa-simple-router/index.js:138:21
    at dispatch (/opt/lampp/htdocs/basic/nodeKoa/node_modules/koa-compose/index.js:42:32)
    at app.use (/opt/lampp/htdocs/basic/nodeKoa/middleware/errorHandler.js:27:13)
[2018-12-07T02:40:27.191] [ERROR] cheese - ReferenceError: Index is not defined
    at Promise (/opt/lampp/htdocs/basic/nodeKoa/utils/SafeRequest.js:13:23)
    at new Promise (<anonymous>)
    at SafeRequest.fetch (/opt/lampp/htdocs/basic/nodeKoa/utils/SafeRequest.js:9:10)
    at Index.getData (/opt/lampp/htdocs/basic/nodeKoa/model/Index.js:28:22)
    at /opt/lampp/htdocs/basic/nodeKoa/controllers/indexController.js:6:36
    at dispatch (/opt/lampp/htdocs/basic/nodeKoa/node_modules/koa-simple-router/index.js:186:18)
    at Router._lookup (/opt/lampp/htdocs/basic/nodeKoa/node_modules/koa-simple-router/index.js:198:12)
    at /opt/lampp/htdocs/basic/nodeKoa/node_modules/koa-simple-router/index.js:138:21
    at dispatch (/opt/lampp/htdocs/basic/nodeKoa/node_modules/koa-compose/index.js:42:32)
    at app.use (/opt/lampp/htdocs/basic/nodeKoa/middleware/errorHandler.js:27:13)
[2018-12-07T02:41:02.236] [ERROR] cheese - ReferenceError: Index is not defined
    at Promise (/opt/lampp/htdocs/basic/nodeKoa/utils/SafeRequest.js:13:23)
    at new Promise (<anonymous>)
    at SafeRequest.fetch (/opt/lampp/htdocs/basic/nodeKoa/utils/SafeRequest.js:9:10)
    at Index.getData (/opt/lampp/htdocs/basic/nodeKoa/model/Index.js:28:22)
    at /opt/lampp/htdocs/basic/nodeKoa/controllers/indexController.js:6:36
    at dispatch (/opt/lampp/htdocs/basic/nodeKoa/node_modules/koa-simple-router/index.js:186:18)
    at Router._lookup (/opt/lampp/htdocs/basic/nodeKoa/node_modules/koa-simple-router/index.js:198:12)
    at /opt/lampp/htdocs/basic/nodeKoa/node_modules/koa-simple-router/index.js:138:21
    at dispatch (/opt/lampp/htdocs/basic/nodeKoa/node_modules/koa-compose/index.js:42:32)
    at app.use (/opt/lampp/htdocs/basic/nodeKoa/middleware/errorHandler.js:27:13)
[2018-12-07T02:41:16.645] [ERROR] cheese - ReferenceError: Index is not defined
    at Promise (/opt/lampp/htdocs/basic/nodeKoa/utils/SafeRequest.js:14:23)
    at new Promise (<anonymous>)
    at SafeRequest.fetch (/opt/lampp/htdocs/basic/nodeKoa/utils/SafeRequest.js:9:10)
    at Index.getData (/opt/lampp/htdocs/basic/nodeKoa/model/Index.js:28:22)
    at /opt/lampp/htdocs/basic/nodeKoa/controllers/indexController.js:6:36
    at dispatch (/opt/lampp/htdocs/basic/nodeKoa/node_modules/koa-simple-router/index.js:186:18)
    at Router._lookup (/opt/lampp/htdocs/basic/nodeKoa/node_modules/koa-simple-router/index.js:198:12)
    at /opt/lampp/htdocs/basic/nodeKoa/node_modules/koa-simple-router/index.js:138:21
    at dispatch (/opt/lampp/htdocs/basic/nodeKoa/node_modules/koa-compose/index.js:42:32)
    at app.use (/opt/lampp/htdocs/basic/nodeKoa/middleware/errorHandler.js:27:13)
[2018-12-07T02:42:20.978] [ERROR] cheese - ReferenceError: Index is not defined
    at Promise (/opt/lampp/htdocs/basic/nodeKoa/utils/SafeRequest.js:14:23)
    at new Promise (<anonymous>)
    at SafeRequest.fetch (/opt/lampp/htdocs/basic/nodeKoa/utils/SafeRequest.js:9:10)
    at Index.getData (/opt/lampp/htdocs/basic/nodeKoa/model/Index.js:28:22)
    at /opt/lampp/htdocs/basic/nodeKoa/controllers/indexController.js:6:36
    at dispatch (/opt/lampp/htdocs/basic/nodeKoa/node_modules/koa-simple-router/index.js:186:18)
    at Router._lookup (/opt/lampp/htdocs/basic/nodeKoa/node_modules/koa-simple-router/index.js:198:12)
    at /opt/lampp/htdocs/basic/nodeKoa/node_modules/koa-simple-router/index.js:138:21
    at dispatch (/opt/lampp/htdocs/basic/nodeKoa/node_modules/koa-compose/index.js:42:32)
    at app.use (/opt/lampp/htdocs/basic/nodeKoa/middleware/errorHandler.js:27:13)
[2018-12-07T02:42:59.745] [ERROR] cheese - ReferenceError: Index is not defined
    at Promise (/opt/lampp/htdocs/basic/nodeKoa/utils/SafeRequest.js:14:23)
    at new Promise (<anonymous>)
    at SafeRequest.fetch (/opt/lampp/htdocs/basic/nodeKoa/utils/SafeRequest.js:9:10)
    at Index.getData (/opt/lampp/htdocs/basic/nodeKoa/model/Index.js:28:22)
    at /opt/lampp/htdocs/basic/nodeKoa/controllers/indexController.js:6:36
    at dispatch (/opt/lampp/htdocs/basic/nodeKoa/node_modules/koa-simple-router/index.js:186:18)
    at Router._lookup (/opt/lampp/htdocs/basic/nodeKoa/node_modules/koa-simple-router/index.js:198:12)
    at /opt/lampp/htdocs/basic/nodeKoa/node_modules/koa-simple-router/index.js:138:21
    at dispatch (/opt/lampp/htdocs/basic/nodeKoa/node_modules/koa-compose/index.js:42:32)
    at app.use (/opt/lampp/htdocs/basic/nodeKoa/middleware/errorHandler.js:27:13)
[2018-12-07T02:43:01.634] [ERROR] cheese - ReferenceError: Index is not defined
    at Promise (/opt/lampp/htdocs/basic/nodeKoa/utils/SafeRequest.js:14:23)
    at new Promise (<anonymous>)
    at SafeRequest.fetch (/opt/lampp/htdocs/basic/nodeKoa/utils/SafeRequest.js:9:10)
    at Index.getData (/opt/lampp/htdocs/basic/nodeKoa/model/Index.js:28:22)
    at /opt/lampp/htdocs/basic/nodeKoa/controllers/indexController.js:6:36
    at dispatch (/opt/lampp/htdocs/basic/nodeKoa/node_modules/koa-simple-router/index.js:186:18)
    at Router._lookup (/opt/lampp/htdocs/basic/nodeKoa/node_modules/koa-simple-router/index.js:198:12)
    at /opt/lampp/htdocs/basic/nodeKoa/node_modules/koa-simple-router/index.js:138:21
    at dispatch (/opt/lampp/htdocs/basic/nodeKoa/node_modules/koa-compose/index.js:42:32)
    at app.use (/opt/lampp/htdocs/basic/nodeKoa/middleware/errorHandler.js:27:13)
[2018-12-07T02:43:02.098] [ERROR] cheese - ReferenceError: Index is not defined
    at Promise (/opt/lampp/htdocs/basic/nodeKoa/utils/SafeRequest.js:14:23)
    at new Promise (<anonymous>)
    at SafeRequest.fetch (/opt/lampp/htdocs/basic/nodeKoa/utils/SafeRequest.js:9:10)
    at Index.getData (/opt/lampp/htdocs/basic/nodeKoa/model/Index.js:28:22)
    at /opt/lampp/htdocs/basic/nodeKoa/controllers/indexController.js:6:36
    at dispatch (/opt/lampp/htdocs/basic/nodeKoa/node_modules/koa-simple-router/index.js:186:18)
    at Router._lookup (/opt/lampp/htdocs/basic/nodeKoa/node_modules/koa-simple-router/index.js:198:12)
    at /opt/lampp/htdocs/basic/nodeKoa/node_modules/koa-simple-router/index.js:138:21
    at dispatch (/opt/lampp/htdocs/basic/nodeKoa/node_modules/koa-compose/index.js:42:32)
    at app.use (/opt/lampp/htdocs/basic/nodeKoa/middleware/errorHandler.js:27:13)
[2018-12-07T02:43:02.281] [ERROR] cheese - ReferenceError: Index is not defined
    at Promise (/opt/lampp/htdocs/basic/nodeKoa/utils/SafeRequest.js:14:23)
    at new Promise (<anonymous>)
    at SafeRequest.fetch (/opt/lampp/htdocs/basic/nodeKoa/utils/SafeRequest.js:9:10)
    at Index.getData (/opt/lampp/htdocs/basic/nodeKoa/model/Index.js:28:22)
    at /opt/lampp/htdocs/basic/nodeKoa/controllers/indexController.js:6:36
    at dispatch (/opt/lampp/htdocs/basic/nodeKoa/node_modules/koa-simple-router/index.js:186:18)
    at Router._lookup (/opt/lampp/htdocs/basic/nodeKoa/node_modules/koa-simple-router/index.js:198:12)
    at /opt/lampp/htdocs/basic/nodeKoa/node_modules/koa-simple-router/index.js:138:21
    at dispatch (/opt/lampp/htdocs/basic/nodeKoa/node_modules/koa-compose/index.js:42:32)
    at app.use (/opt/lampp/htdocs/basic/nodeKoa/middleware/errorHandler.js:27:13)
[2018-12-07T02:43:02.465] [ERROR] cheese - ReferenceError: Index is not defined
    at Promise (/opt/lampp/htdocs/basic/nodeKoa/utils/SafeRequest.js:14:23)
    at new Promise (<anonymous>)
    at SafeRequest.fetch (/opt/lampp/htdocs/basic/nodeKoa/utils/SafeRequest.js:9:10)
    at Index.getData (/opt/lampp/htdocs/basic/nodeKoa/model/Index.js:28:22)
    at /opt/lampp/htdocs/basic/nodeKoa/controllers/indexController.js:6:36
    at dispatch (/opt/lampp/htdocs/basic/nodeKoa/node_modules/koa-simple-router/index.js:186:18)
    at Router._lookup (/opt/lampp/htdocs/basic/nodeKoa/node_modules/koa-simple-router/index.js:198:12)
    at /opt/lampp/htdocs/basic/nodeKoa/node_modules/koa-simple-router/index.js:138:21
    at dispatch (/opt/lampp/htdocs/basic/nodeKoa/node_modules/koa-compose/index.js:42:32)
    at app.use (/opt/lampp/htdocs/basic/nodeKoa/middleware/errorHandler.js:27:13)
[2018-12-07T02:43:02.643] [ERROR] cheese - ReferenceError: Index is not defined
    at Promise (/opt/lampp/htdocs/basic/nodeKoa/utils/SafeRequest.js:14:23)
    at new Promise (<anonymous>)
    at SafeRequest.fetch (/opt/lampp/htdocs/basic/nodeKoa/utils/SafeRequest.js:9:10)
    at Index.getData (/opt/lampp/htdocs/basic/nodeKoa/model/Index.js:28:22)
    at /opt/lampp/htdocs/basic/nodeKoa/controllers/indexController.js:6:36
    at dispatch (/opt/lampp/htdocs/basic/nodeKoa/node_modules/koa-simple-router/index.js:186:18)
    at Router._lookup (/opt/lampp/htdocs/basic/nodeKoa/node_modules/koa-simple-router/index.js:198:12)
    at /opt/lampp/htdocs/basic/nodeKoa/node_modules/koa-simple-router/index.js:138:21
    at dispatch (/opt/lampp/htdocs/basic/nodeKoa/node_modules/koa-compose/index.js:42:32)
    at app.use (/opt/lampp/htdocs/basic/nodeKoa/middleware/errorHandler.js:27:13)
[2018-12-07T02:43:02.788] [ERROR] cheese - ReferenceError: Index is not defined
    at Promise (/opt/lampp/htdocs/basic/nodeKoa/utils/SafeRequest.js:14:23)
    at new Promise (<anonymous>)
    at SafeRequest.fetch (/opt/lampp/htdocs/basic/nodeKoa/utils/SafeRequest.js:9:10)
    at Index.getData (/opt/lampp/htdocs/basic/nodeKoa/model/Index.js:28:22)
    at /opt/lampp/htdocs/basic/nodeKoa/controllers/indexController.js:6:36
    at dispatch (/opt/lampp/htdocs/basic/nodeKoa/node_modules/koa-simple-router/index.js:186:18)
    at Router._lookup (/opt/lampp/htdocs/basic/nodeKoa/node_modules/koa-simple-router/index.js:198:12)
    at /opt/lampp/htdocs/basic/nodeKoa/node_modules/koa-simple-router/index.js:138:21
    at dispatch (/opt/lampp/htdocs/basic/nodeKoa/node_modules/koa-compose/index.js:42:32)
    at app.use (/opt/lampp/htdocs/basic/nodeKoa/middleware/errorHandler.js:27:13)
[2018-12-07T02:43:02.932] [ERROR] cheese - ReferenceError: Index is not defined
    at Promise (/opt/lampp/htdocs/basic/nodeKoa/utils/SafeRequest.js:14:23)
    at new Promise (<anonymous>)
    at SafeRequest.fetch (/opt/lampp/htdocs/basic/nodeKoa/utils/SafeRequest.js:9:10)
    at Index.getData (/opt/lampp/htdocs/basic/nodeKoa/model/Index.js:28:22)
    at /opt/lampp/htdocs/basic/nodeKoa/controllers/indexController.js:6:36
    at dispatch (/opt/lampp/htdocs/basic/nodeKoa/node_modules/koa-simple-router/index.js:186:18)
    at Router._lookup (/opt/lampp/htdocs/basic/nodeKoa/node_modules/koa-simple-router/index.js:198:12)
    at /opt/lampp/htdocs/basic/nodeKoa/node_modules/koa-simple-router/index.js:138:21
    at dispatch (/opt/lampp/htdocs/basic/nodeKoa/node_modules/koa-compose/index.js:42:32)
    at app.use (/opt/lampp/htdocs/basic/nodeKoa/middleware/errorHandler.js:27:13)
[2018-12-07T02:43:19.357] [ERROR] cheese - ReferenceError: Index is not defined
    at Promise (/opt/lampp/htdocs/basic/nodeKoa/utils/SafeRequest.js:14:23)
    at new Promise (<anonymous>)
    at SafeRequest.fetch (/opt/lampp/htdocs/basic/nodeKoa/utils/SafeRequest.js:9:10)
    at Index.getData (/opt/lampp/htdocs/basic/nodeKoa/model/Index.js:28:22)
    at /opt/lampp/htdocs/basic/nodeKoa/controllers/indexController.js:6:36
    at dispatch (/opt/lampp/htdocs/basic/nodeKoa/node_modules/koa-simple-router/index.js:186:18)
    at Router._lookup (/opt/lampp/htdocs/basic/nodeKoa/node_modules/koa-simple-router/index.js:198:12)
    at /opt/lampp/htdocs/basic/nodeKoa/node_modules/koa-simple-router/index.js:138:21
    at dispatch (/opt/lampp/htdocs/basic/nodeKoa/node_modules/koa-compose/index.js:42:32)
    at app.use (/opt/lampp/htdocs/basic/nodeKoa/middleware/errorHandler.js:27:13)
[2018-12-07T02:43:23.744] [ERROR] cheese - ReferenceError: Index is not defined
    at Promise (/opt/lampp/htdocs/basic/nodeKoa/utils/SafeRequest.js:14:23)
    at new Promise (<anonymous>)
    at SafeRequest.fetch (/opt/lampp/htdocs/basic/nodeKoa/utils/SafeRequest.js:9:10)
    at Index.getData (/opt/lampp/htdocs/basic/nodeKoa/model/Index.js:28:22)
    at /opt/lampp/htdocs/basic/nodeKoa/controllers/indexController.js:6:36
    at dispatch (/opt/lampp/htdocs/basic/nodeKoa/node_modules/koa-simple-router/index.js:186:18)
    at Router._lookup (/opt/lampp/htdocs/basic/nodeKoa/node_modules/koa-simple-router/index.js:198:12)
    at /opt/lampp/htdocs/basic/nodeKoa/node_modules/koa-simple-router/index.js:138:21
    at dispatch (/opt/lampp/htdocs/basic/nodeKoa/node_modules/koa-compose/index.js:42:32)
    at app.use (/opt/lampp/htdocs/basic/nodeKoa/middleware/errorHandler.js:27:13)
[2018-12-07T02:44:15.799] [ERROR] cheese - ReferenceError: Index is not defined
    at Promise (/opt/lampp/htdocs/basic/nodeKoa/utils/SafeRequest.js:14:23)
    at new Promise (<anonymous>)
    at SafeRequest.fetch (/opt/lampp/htdocs/basic/nodeKoa/utils/SafeRequest.js:9:10)
    at Index.getData (/opt/lampp/htdocs/basic/nodeKoa/model/Index.js:28:22)
    at /opt/lampp/htdocs/basic/nodeKoa/controllers/indexController.js:6:36
    at dispatch (/opt/lampp/htdocs/basic/nodeKoa/node_modules/koa-simple-router/index.js:186:18)
    at Router._lookup (/opt/lampp/htdocs/basic/nodeKoa/node_modules/koa-simple-router/index.js:198:12)
    at /opt/lampp/htdocs/basic/nodeKoa/node_modules/koa-simple-router/index.js:138:21
    at dispatch (/opt/lampp/htdocs/basic/nodeKoa/node_modules/koa-compose/index.js:42:32)
    at app.use (/opt/lampp/htdocs/basic/nodeKoa/middleware/errorHandler.js:27:13)
[2018-12-07T02:44:21.260] [ERROR] cheese - ReferenceError: Index is not defined
    at Promise (/opt/lampp/htdocs/basic/nodeKoa/utils/SafeRequest.js:14:23)
    at new Promise (<anonymous>)
    at SafeRequest.fetch (/opt/lampp/htdocs/basic/nodeKoa/utils/SafeRequest.js:9:10)
    at Index.getData (/opt/lampp/htdocs/basic/nodeKoa/model/Index.js:28:22)
    at /opt/lampp/htdocs/basic/nodeKoa/controllers/indexController.js:6:36
    at dispatch (/opt/lampp/htdocs/basic/nodeKoa/node_modules/koa-simple-router/index.js:186:18)
    at Router._lookup (/opt/lampp/htdocs/basic/nodeKoa/node_modules/koa-simple-router/index.js:198:12)
    at /opt/lampp/htdocs/basic/nodeKoa/node_modules/koa-simple-router/index.js:138:21
    at dispatch (/opt/lampp/htdocs/basic/nodeKoa/node_modules/koa-compose/index.js:42:32)
    at app.use (/opt/lampp/htdocs/basic/nodeKoa/middleware/errorHandler.js:27:13)
[2018-12-07T02:45:01.219] [ERROR] cheese - ReferenceError: Index is not defined
    at Promise (/opt/lampp/htdocs/basic/nodeKoa/utils/SafeRequest.js:14:23)
    at new Promise (<anonymous>)
    at SafeRequest.fetch (/opt/lampp/htdocs/basic/nodeKoa/utils/SafeRequest.js:9:10)
    at Index.getData (/opt/lampp/htdocs/basic/nodeKoa/model/Index.js:28:22)
    at /opt/lampp/htdocs/basic/nodeKoa/controllers/indexController.js:6:36
    at dispatch (/opt/lampp/htdocs/basic/nodeKoa/node_modules/koa-simple-router/index.js:186:18)
    at Router._lookup (/opt/lampp/htdocs/basic/nodeKoa/node_modules/koa-simple-router/index.js:198:12)
    at /opt/lampp/htdocs/basic/nodeKoa/node_modules/koa-simple-router/index.js:138:21
    at dispatch (/opt/lampp/htdocs/basic/nodeKoa/node_modules/koa-compose/index.js:42:32)
    at app.use (/opt/lampp/htdocs/basic/nodeKoa/middleware/errorHandler.js:27:13)
[2018-12-07T02:45:44.279] [ERROR] cheese - ReferenceError: Index is not defined
    at Promise (/opt/lampp/htdocs/basic/nodeKoa/utils/SafeRequest.js:14:23)
    at new Promise (<anonymous>)
    at SafeRequest.fetch (/opt/lampp/htdocs/basic/nodeKoa/utils/SafeRequest.js:9:10)
    at Index.getData (/opt/lampp/htdocs/basic/nodeKoa/model/Index.js:28:22)
    at /opt/lampp/htdocs/basic/nodeKoa/controllers/indexController.js:6:36
    at dispatch (/opt/lampp/htdocs/basic/nodeKoa/node_modules/koa-simple-router/index.js:186:18)
    at Router._lookup (/opt/lampp/htdocs/basic/nodeKoa/node_modules/koa-simple-router/index.js:198:12)
    at /opt/lampp/htdocs/basic/nodeKoa/node_modules/koa-simple-router/index.js:138:21
    at dispatch (/opt/lampp/htdocs/basic/nodeKoa/node_modules/koa-compose/index.js:42:32)
    at app.use (/opt/lampp/htdocs/basic/nodeKoa/middleware/errorHandler.js:27:13)
[2018-12-07T02:46:04.101] [ERROR] cheese - ReferenceError: Index is not defined
    at Promise (/opt/lampp/htdocs/basic/nodeKoa/utils/SafeRequest.js:14:23)
    at new Promise (<anonymous>)
    at SafeRequest.fetch (/opt/lampp/htdocs/basic/nodeKoa/utils/SafeRequest.js:9:10)
    at Index.getData (/opt/lampp/htdocs/basic/nodeKoa/model/Index.js:28:22)
    at /opt/lampp/htdocs/basic/nodeKoa/controllers/indexController.js:6:36
    at dispatch (/opt/lampp/htdocs/basic/nodeKoa/node_modules/koa-simple-router/index.js:186:18)
    at Router._lookup (/opt/lampp/htdocs/basic/nodeKoa/node_modules/koa-simple-router/index.js:198:12)
    at /opt/lampp/htdocs/basic/nodeKoa/node_modules/koa-simple-router/index.js:138:21
    at dispatch (/opt/lampp/htdocs/basic/nodeKoa/node_modules/koa-compose/index.js:42:32)
    at app.use (/opt/lampp/htdocs/basic/nodeKoa/middleware/errorHandler.js:27:13)
[2018-12-07T02:46:20.556] [ERROR] cheese - ReferenceError: Index is not defined
    at Promise (/opt/lampp/htdocs/basic/nodeKoa/utils/SafeRequest.js:14:23)
    at new Promise (<anonymous>)
    at SafeRequest.fetch (/opt/lampp/htdocs/basic/nodeKoa/utils/SafeRequest.js:9:10)
    at Index.getData (/opt/lampp/htdocs/basic/nodeKoa/model/Index.js:28:22)
    at /opt/lampp/htdocs/basic/nodeKoa/controllers/indexController.js:6:36
    at dispatch (/opt/lampp/htdocs/basic/nodeKoa/node_modules/koa-simple-router/index.js:186:18)
    at Router._lookup (/opt/lampp/htdocs/basic/nodeKoa/node_modules/koa-simple-router/index.js:198:12)
    at /opt/lampp/htdocs/basic/nodeKoa/node_modules/koa-simple-router/index.js:138:21
    at dispatch (/opt/lampp/htdocs/basic/nodeKoa/node_modules/koa-compose/index.js:42:32)
    at app.use (/opt/lampp/htdocs/basic/nodeKoa/middleware/errorHandler.js:27:13)
[2018-12-07T02:46:34.516] [ERROR] cheese - ReferenceError: Index is not defined
    at Promise (/opt/lampp/htdocs/basic/nodeKoa/utils/SafeRequest.js:14:23)
    at new Promise (<anonymous>)
    at SafeRequest.fetch (/opt/lampp/htdocs/basic/nodeKoa/utils/SafeRequest.js:9:10)
    at Index.getData (/opt/lampp/htdocs/basic/nodeKoa/model/Index.js:28:22)
    at /opt/lampp/htdocs/basic/nodeKoa/controllers/indexController.js:6:36
    at dispatch (/opt/lampp/htdocs/basic/nodeKoa/node_modules/koa-simple-router/index.js:186:18)
    at Router._lookup (/opt/lampp/htdocs/basic/nodeKoa/node_modules/koa-simple-router/index.js:198:12)
    at /opt/lampp/htdocs/basic/nodeKoa/node_modules/koa-simple-router/index.js:138:21
    at dispatch (/opt/lampp/htdocs/basic/nodeKoa/node_modules/koa-compose/index.js:42:32)
    at app.use (/opt/lampp/htdocs/basic/nodeKoa/middleware/errorHandler.js:27:13)
[2018-12-07T02:47:23.104] [ERROR] cheese - ReferenceError: Index is not defined
    at Promise (/opt/lampp/htdocs/basic/nodeKoa/utils/SafeRequest.js:14:23)
    at new Promise (<anonymous>)
    at SafeRequest.fetch (/opt/lampp/htdocs/basic/nodeKoa/utils/SafeRequest.js:9:10)
    at Index.getData (/opt/lampp/htdocs/basic/nodeKoa/model/Index.js:28:22)
    at /opt/lampp/htdocs/basic/nodeKoa/controllers/indexController.js:6:36
    at dispatch (/opt/lampp/htdocs/basic/nodeKoa/node_modules/koa-simple-router/index.js:186:18)
    at Router._lookup (/opt/lampp/htdocs/basic/nodeKoa/node_modules/koa-simple-router/index.js:198:12)
    at /opt/lampp/htdocs/basic/nodeKoa/node_modules/koa-simple-router/index.js:138:21
    at dispatch (/opt/lampp/htdocs/basic/nodeKoa/node_modules/koa-compose/index.js:42:32)
    at app.use (/opt/lampp/htdocs/basic/nodeKoa/middleware/errorHandler.js:27:13)
[2018-12-07T02:48:34.641] [ERROR] cheese - ReferenceError: ydfetch is not defined
    at Promise (/opt/lampp/htdocs/basic/nodeKoa/utils/SafeRequest.js:15:13)
    at new Promise (<anonymous>)
    at SafeRequest.fetch (/opt/lampp/htdocs/basic/nodeKoa/utils/SafeRequest.js:9:10)
    at Index.getData (/opt/lampp/htdocs/basic/nodeKoa/model/Index.js:28:22)
    at /opt/lampp/htdocs/basic/nodeKoa/controllers/indexController.js:6:36
    at dispatch (/opt/lampp/htdocs/basic/nodeKoa/node_modules/koa-simple-router/index.js:186:18)
    at Router._lookup (/opt/lampp/htdocs/basic/nodeKoa/node_modules/koa-simple-router/index.js:198:12)
    at /opt/lampp/htdocs/basic/nodeKoa/node_modules/koa-simple-router/index.js:138:21
    at dispatch (/opt/lampp/htdocs/basic/nodeKoa/node_modules/koa-compose/index.js:42:32)
    at app.use (/opt/lampp/htdocs/basic/nodeKoa/middleware/errorHandler.js:27:13)
[2018-12-07T02:49:30.962] [ERROR] cheese - { code: 2, message: 'node-fetch error', data: [] }
[2018-12-07T02:49:34.408] [ERROR] cheese - { code: 2, message: 'node-fetch error', data: [] }
[2018-12-07T02:49:47.201] [ERROR] cheese - ReferenceError: ydfetch is not defined
    at Promise (/opt/lampp/htdocs/basic/nodeKoa/utils/SafeRequest.js:15:13)
    at new Promise (<anonymous>)
    at SafeRequest.fetch (/opt/lampp/htdocs/basic/nodeKoa/utils/SafeRequest.js:9:10)
    at Index.getData (/opt/lampp/htdocs/basic/nodeKoa/model/Index.js:28:22)
    at /opt/lampp/htdocs/basic/nodeKoa/controllers/indexController.js:6:36
    at dispatch (/opt/lampp/htdocs/basic/nodeKoa/node_modules/koa-simple-router/index.js:186:18)
    at Router._lookup (/opt/lampp/htdocs/basic/nodeKoa/node_modules/koa-simple-router/index.js:198:12)
    at /opt/lampp/htdocs/basic/nodeKoa/node_modules/koa-simple-router/index.js:138:21
    at dispatch (/opt/lampp/htdocs/basic/nodeKoa/node_modules/koa-compose/index.js:42:32)
    at app.use (/opt/lampp/htdocs/basic/nodeKoa/middleware/errorHandler.js:27:13)
[2018-12-07T02:50:39.049] [ERROR] cheese - ReferenceError: ydfetch is not defined
    at Promise (/opt/lampp/htdocs/basic/nodeKoa/utils/SafeRequest.js:16:13)
    at new Promise (<anonymous>)
    at SafeRequest.fetch (/opt/lampp/htdocs/basic/nodeKoa/utils/SafeRequest.js:9:10)
    at Index.getData (/opt/lampp/htdocs/basic/nodeKoa/model/Index.js:28:22)
    at /opt/lampp/htdocs/basic/nodeKoa/controllers/indexController.js:6:36
    at dispatch (/opt/lampp/htdocs/basic/nodeKoa/node_modules/koa-simple-router/index.js:186:18)
    at Router._lookup (/opt/lampp/htdocs/basic/nodeKoa/node_modules/koa-simple-router/index.js:198:12)
    at /opt/lampp/htdocs/basic/nodeKoa/node_modules/koa-simple-router/index.js:138:21
    at dispatch (/opt/lampp/htdocs/basic/nodeKoa/node_modules/koa-compose/index.js:42:32)
    at app.use (/opt/lampp/htdocs/basic/nodeKoa/middleware/errorHandler.js:27:13)
[2018-12-07T02:51:50.688] [ERROR] cheese - ReferenceError: ydfetch is not defined
    at Promise (/opt/lampp/htdocs/basic/nodeKoa/utils/SafeRequest.js:16:13)
    at new Promise (<anonymous>)
    at SafeRequest.fetch (/opt/lampp/htdocs/basic/nodeKoa/utils/SafeRequest.js:9:10)
    at Index.getData (/opt/lampp/htdocs/basic/nodeKoa/model/Index.js:29:22)
    at /opt/lampp/htdocs/basic/nodeKoa/controllers/indexController.js:6:36
    at dispatch (/opt/lampp/htdocs/basic/nodeKoa/node_modules/koa-simple-router/index.js:186:18)
    at Router._lookup (/opt/lampp/htdocs/basic/nodeKoa/node_modules/koa-simple-router/index.js:198:12)
    at /opt/lampp/htdocs/basic/nodeKoa/node_modules/koa-simple-router/index.js:138:21
    at dispatch (/opt/lampp/htdocs/basic/nodeKoa/node_modules/koa-compose/index.js:42:32)
    at app.use (/opt/lampp/htdocs/basic/nodeKoa/middleware/errorHandler.js:27:13)
[2018-12-07T02:52:45.603] [ERROR] cheese - { code: 2, message: 'node-fetch error', data: [] }
[2018-12-07T02:53:30.665] [ERROR] cheese - { code: 2, message: 'node-fetch error', data: [] }
[2018-12-07T02:53:32.052] [ERROR] cheese - { code: 2, message: 'node-fetch error', data: [] }
[2018-12-07T02:53:32.231] [ERROR] cheese - { code: 2, message: 'node-fetch error', data: [] }
[2018-12-07T02:53:32.403] [ERROR] cheese - { code: 2, message: 'node-fetch error', data: [] }
[2018-12-07T02:53:32.563] [ERROR] cheese - { code: 2, message: 'node-fetch error', data: [] }
[2018-12-07T02:53:32.754] [ERROR] cheese - { code: 2, message: 'node-fetch error', data: [] }
[2018-12-07T02:53:32.926] [ERROR] cheese - { code: 2, message: 'node-fetch error', data: [] }
[2018-12-07T02:53:33.078] [ERROR] cheese - { code: 2, message: 'node-fetch error', data: [] }
[2018-12-07T02:53:33.236] [ERROR] cheese - { code: 2, message: 'node-fetch error', data: [] }
[2018-12-07T02:53:33.375] [ERROR] cheese - { code: 2, message: 'node-fetch error', data: [] }
[2018-12-07T02:53:33.659] [ERROR] cheese - { code: 2, message: 'node-fetch error', data: [] }
[2018-12-07T02:53:33.802] [ERROR] cheese - { code: 2, message: 'node-fetch error', data: [] }
[2018-12-07T02:53:33.962] [ERROR] cheese - { code: 2, message: 'node-fetch error', data: [] }
[2018-12-07T02:53:34.132] [ERROR] cheese - { code: 2, message: 'node-fetch error', data: [] }
[2018-12-07T02:53:34.286] [ERROR] cheese - { code: 2, message: 'node-fetch error', data: [] }
[2018-12-07T02:53:34.446] [ERROR] cheese - { code: 2, message: 'node-fetch error', data: [] }
[2018-12-07T02:54:02.619] [ERROR] cheese - { code: 2, message: 'node-fetch error', data: [] }
[2018-12-07T02:56:21.529] [ERROR] cheese - { code: 2, message: 'node-fetch error', data: [] }
[2018-12-07T02:56:23.318] [ERROR] cheese - { code: 2, message: 'node-fetch error', data: [] }
[2018-12-07T02:56:28.727] [ERROR] cheese - { code: 2, message: 'node-fetch error', data: [] }
[2018-12-07T02:56:29.870] [ERROR] cheese - { code: 2, message: 'node-fetch error', data: [] }
[2018-12-07T02:56:30.044] [ERROR] cheese - { code: 2, message: 'node-fetch error', data: [] }
[2018-12-07T02:56:30.209] [ERROR] cheese - { code: 2, message: 'node-fetch error', data: [] }
[2018-12-07T02:56:30.369] [ERROR] cheese - { code: 2, message: 'node-fetch error', data: [] }
[2018-12-07T02:56:30.522] [ERROR] cheese - { code: 2, message: 'node-fetch error', data: [] }
[2018-12-07T03:18:43.928] [ERROR] cheese - TypeError: modelIndex.saveData is not a function
    at /opt/lampp/htdocs/basic/nodeKoa/controllers/indexController.js:33:36
    at dispatch (/opt/lampp/htdocs/basic/nodeKoa/node_modules/koa-simple-router/index.js:186:18)
    at Router._lookup (/opt/lampp/htdocs/basic/nodeKoa/node_modules/koa-simple-router/index.js:198:12)
    at /opt/lampp/htdocs/basic/nodeKoa/node_modules/koa-simple-router/index.js:138:21
    at dispatch (/opt/lampp/htdocs/basic/nodeKoa/node_modules/koa-compose/index.js:42:32)
    at app.use (/opt/lampp/htdocs/basic/nodeKoa/middleware/errorHandler.js:27:13)
    at dispatch (/opt/lampp/htdocs/basic/nodeKoa/node_modules/koa-compose/index.js:42:32)
    at app.use (/opt/lampp/htdocs/basic/nodeKoa/middleware/errorHandler.js:19:15)
    at dispatch (/opt/lampp/htdocs/basic/nodeKoa/node_modules/koa-compose/index.js:42:32)
    at /opt/lampp/htdocs/basic/nodeKoa/node_modules/koa-compose/index.js:34:12
